  ArrayNode.cpp
C:\Users\MAC_LENOVO\source\repos\visualize\visualize\ArrayNode.cpp(13,31): warning C4244: 'argument': conversion from 'double' to 'unsigned int', possible loss of data
  Arrow.cpp
C:\Users\MAC_LENOVO\source\repos\visualize\visualize\Arrow.cpp(19,11): warning C4244: 'initializing': conversion from 'double' to 'float', possible loss of data
C:\Users\MAC_LENOVO\source\repos\visualize\visualize\Arrow.cpp(31,15): warning C4244: 'initializing': conversion from 'double' to 'float', possible loss of data
  Button.cpp
  ButtonImage.cpp
  Color.cpp
  Control.cpp
C:\Users\MAC_LENOVO\source\repos\visualize\visualize\Control.cpp(33,32): warning C4244: 'return': conversion from 'double' to 'float', possible loss of data
C:\Users\MAC_LENOVO\source\repos\visualize\visualize\Control.cpp(44,18): warning C4305: 'argument': truncation from 'double' to 'float'
C:\Users\MAC_LENOVO\source\repos\visualize\visualize\Control.cpp(46,54): warning C4244: 'argument': conversion from 'float' to 'int', possible loss of data
C:\Users\MAC_LENOVO\source\repos\visualize\visualize\Control.cpp(73,36): warning C4244: '=': conversion from 'double' to 'float', possible loss of data
C:\Users\MAC_LENOVO\source\repos\visualize\visualize\Control.cpp(80,48): warning C4244: '=': conversion from 'double' to 'float', possible loss of data
C:\Users\MAC_LENOVO\source\repos\visualize\visualize\Control.cpp(82,23): warning C4244: '=': conversion from 'double' to 'float', possible loss of data
C:\Users\MAC_LENOVO\source\repos\visualize\visualize\Control.cpp(98,22): warning C4244: 'initializing': conversion from '__int64' to 'int', possible loss of data
C:\Users\MAC_LENOVO\source\repos\visualize\visualize\Control.cpp(105,22): warning C4244: 'initializing': conversion from '__int64' to 'int', possible loss of data
C:\Users\MAC_LENOVO\source\repos\visualize\visualize\Control.cpp(118,48): warning C4244: '=': conversion from 'double' to 'float', possible loss of data
C:\Users\MAC_LENOVO\source\repos\visualize\visualize\Control.cpp(120,23): warning C4244: '=': conversion from 'double' to 'float', possible loss of data
C:\Users\MAC_LENOVO\source\repos\visualize\visualize\Control.cpp(135,95): warning C4244: 'return': conversion from '__int64' to 'int', possible loss of data
  Display.cpp
  DropdownBox.cpp
C:\Users\MAC_LENOVO\source\repos\visualize\visualize\DropdownBox.cpp(5,34): warning C4267: 'initializing': conversion from 'size_t' to 'int', possible loss of data
C:\Users\MAC_LENOVO\source\repos\visualize\visualize\DropdownBox.cpp(26,48): warning C4805: '|=': unsafe mix of type 'bool' and type 'int' in operation
C:\Users\MAC_LENOVO\source\repos\visualize\visualize\DropdownBox.cpp(26,48): warning C4805: '|': unsafe mix of type 'bool' and type 'int' in operation
C:\Users\MAC_LENOVO\source\repos\visualize\visualize\DropdownBox.cpp(32,20): warning C4805: '|=': unsafe mix of type 'bool' and type 'int' in operation
C:\Users\MAC_LENOVO\source\repos\visualize\visualize\DropdownBox.cpp(32,20): warning C4805: '|': unsafe mix of type 'bool' and type 'int' in operation
  DynamicArray.cpp
C:\Users\MAC_LENOVO\source\repos\visualize\visualize\DynamicArray.cpp(82,21): warning C4267: 'initializing': conversion from 'size_t' to 'int', possible loss of data
  Format.cpp
  Function.cpp
C:\Users\MAC_LENOVO\source\repos\visualize\visualize\Function.cpp(36,37): warning C4805: '|=': unsafe mix of type 'int' and type 'bool' in operation
  Layer.cpp
C:\Users\MAC_LENOVO\source\repos\visualize\visualize\Layer.cpp(7,18): warning C4267: 'initializing': conversion from 'size_t' to 'int', possible loss of data
C:\Users\MAC_LENOVO\source\repos\visualize\visualize\Layer.cpp(9,13): warning C4244: 'initializing': conversion from 'T' to 'int', possible loss of data
          with
          [
              T=float
          ]
C:\Users\MAC_LENOVO\source\repos\visualize\visualize\Layer.cpp(22,22): warning C4267: 'initializing': conversion from 'size_t' to 'int', possible loss of data
C:\Users\MAC_LENOVO\source\repos\visualize\visualize\Layer.cpp(23,18): warning C4244: 'initializing': conversion from 'T' to 'int', possible loss of data
          with
          [
              T=float
          ]
C:\Users\MAC_LENOVO\source\repos\visualize\visualize\Layer.cpp(25,13): warning C4244: 'initializing': conversion from 'T' to 'int', possible loss of data
          with
          [
              T=float
          ]
C:\Users\MAC_LENOVO\source\repos\visualize\visualize\Arrow.h(24,10): warning C4244: 'initializing': conversion from 'double' to 'float', possible loss of data
C:\Users\MAC_LENOVO\source\repos\visualize\visualize\Layer.cpp(33): message : see reference to function template instantiation 'Arrow::Arrow<_Ty,_Ty>(Obj1,Obj2)' being compiled
          with
          [
              _Ty=LinkedListNode,
              Obj1=LinkedListNode,
              Obj2=LinkedListNode
          ]
C:\Users\MAC_LENOVO\source\repos\visualize\visualize\Arrow.h(28,21): warning C4244: 'argument': conversion from 'float' to 'int', possible loss of data
  Layout.cpp
C:\Users\MAC_LENOVO\source\repos\visualize\visualize\Layout.cpp(10,21): warning C4244: 'argument': conversion from 'int' to 'T', possible loss of data
          with
          [
              T=float
          ]
C:\Users\MAC_LENOVO\source\repos\visualize\visualize\Layout.cpp(24,39): warning C4244: 'argument': conversion from 'double' to 'T', possible loss of data
          with
          [
              T=float
          ]
C:\Users\MAC_LENOVO\source\repos\visualize\visualize\Layout.cpp(38,43): warning C4244: 'argument': conversion from 'int' to 'T', possible loss of data
          with
          [
              T=float
          ]
C:\Users\MAC_LENOVO\source\repos\visualize\visualize\Layout.cpp(62,32): warning C4244: 'argument': conversion from 'int' to 'T', possible loss of data
          with
          [
              T=float
          ]
C:\Users\MAC_LENOVO\source\repos\visualize\visualize\Layout.cpp(92,28): warning C4244: 'argument': conversion from 'int' to 'float', possible loss of data
  LinkedList.cpp
  LinkedListNode.cpp
C:\Users\MAC_LENOVO\source\repos\visualize\visualize\LinkedListNode.cpp(13,31): warning C4244: 'argument': conversion from 'double' to 'unsigned int', possible loss of data
  main.cpp
C:\Users\MAC_LENOVO\source\repos\visualize\visualize\main.cpp(7,15): warning C4244: 'argument': conversion from 'time_t' to 'unsigned int', possible loss of data
  MenuBar.cpp
C:\Users\MAC_LENOVO\source\repos\visualize\visualize\MenuBar.cpp(5,35): warning C4267: 'initializing': conversion from 'size_t' to 'int', possible loss of data
  MousePos.cpp
  Slider.cpp
C:\Users\MAC_LENOVO\source\repos\visualize\visualize\Slider.cpp(13,31): warning C4244: '=': conversion from 'float' to 'int', possible loss of data
C:\Users\MAC_LENOVO\source\repos\visualize\visualize\Slider.cpp(15,32): warning C4244: 'argument': conversion from 'int' to 'T', possible loss of data
          with
          [
              T=float
          ]
C:\Users\MAC_LENOVO\source\repos\visualize\visualize\Slider.cpp(21,18): warning C4244: '=': conversion from 'T' to 'int', possible loss of data
          with
          [
              T=float
          ]
C:\Users\MAC_LENOVO\source\repos\visualize\visualize\Slider.cpp(26,32): warning C4244: 'argument': conversion from 'int' to 'T', possible loss of data
          with
          [
              T=float
          ]
C:\Users\MAC_LENOVO\source\repos\visualize\visualize\Slider.cpp(30,27): warning C4244: '=': conversion from 'const _Ty' to 'int', possible loss of data
          with
          [
              _Ty=float
          ]
C:\Users\MAC_LENOVO\source\repos\visualize\visualize\Slider.cpp(31,32): warning C4244: 'argument': conversion from 'int' to 'T', possible loss of data
          with
          [
              T=float
          ]
C:\Users\MAC_LENOVO\source\repos\visualize\visualize\Slider.cpp(42,26): warning C4244: 'argument': conversion from 'T' to 'int', possible loss of data
          with
          [
              T=float
          ]
C:\Users\MAC_LENOVO\source\repos\visualize\visualize\Slider.cpp(48,30): warning C4244: 'return': conversion from 'double' to 'float', possible loss of data
C:\Users\MAC_LENOVO\source\repos\visualize\visualize\Slider.cpp(57,30): warning C4244: 'return': conversion from 'double' to 'float', possible loss of data
C:\Users\MAC_LENOVO\source\repos\visualize\visualize\Slider.cpp(61,8): warning C4244: 'initializing': conversion from 'double' to 'int', possible loss of data
  Source.cpp
C:\Users\MAC_LENOVO\source\repos\visualize\visualize\Source.cpp(12,38): warning C4244: '=': conversion from 'T' to 'int', possible loss of data
          with
          [
              T=float
          ]
  Generating Code...
  Compiling...
  StaticArray.cpp
  Style.cpp
  Taskbar.cpp
C:\Users\MAC_LENOVO\source\repos\visualize\visualize\Taskbar.cpp(4,32): warning C4267: 'initializing': conversion from 'size_t' to 'int', possible loss of data
  Textbox.cpp
C:\Users\MAC_LENOVO\source\repos\visualize\visualize\Textbox.cpp(35,38): warning C4244: '=': conversion from 'T' to 'int', possible loss of data
          with
          [
              T=float
          ]
  Generating Code...
  visualize.vcxproj -> C:\Users\MAC_LENOVO\source\repos\visualize\x64\Debug\visualize.exe
